<?xml version="1.0" encoding="UTF-8"?>
<testng-results skipped="0" failed="0" ignored="0" total="1" passed="1">
  <reporter-output>
  </reporter-output>
  <suite name="Default suite" duration-ms="58959" started-at="2022-03-07T13:00:49 CET" finished-at="2022-03-07T13:01:48 CET">
    <groups>
    </groups>
    <test name="Default test" duration-ms="58959" started-at="2022-03-07T13:00:49 CET" finished-at="2022-03-07T13:01:48 CET">
      <class name="com.begins.Flip">
        <test-method status="PASS" signature="kart()[pri:0, instance:com.begins.Flip@3b088d51]" name="kart" duration-ms="58862" started-at="2022-03-07T13:00:49 CET" finished-at="2022-03-07T13:01:48 CET">
          <reporter-output>
          </reporter-output>
        </test-method> <!-- kart -->
      </class> <!-- com.begins.Flip -->
    </test> <!-- Default test -->
  </suite> <!-- Default suite -->
</testng-results>
